{
  "RSpec": {
    "coverage": {
      "/Users/liamcusack/turing/module_2/final/b2-final-2010/spec/features/competitions/show_spec.rb": {
        "lines": [
          1,
          null,
          1,
          1,
          2,
          2,
          null,
          2,
          2,
          2,
          2,
          null,
          2,
          2,
          2,
          2,
          null,
          2,
          null,
          null,
          1,
          1,
          1,
          0,
          null,
          null,
          1,
          1,
          0,
          0,
          null,
          0,
          0,
          0,
          null,
          null,
          null
        ]
      },
      "/Users/liamcusack/turing/module_2/final/b2-final-2010/spec/models/competition_spec.rb": {
        "lines": [
          1,
          null,
          1,
          1,
          2,
          2,
          2,
          null,
          null,
          1,
          1,
          1,
          1,
          null,
          1,
          1,
          1,
          1,
          null,
          1,
          1,
          1,
          1,
          1,
          null,
          null,
          1,
          1,
          null,
          null,
          null
        ]
      },
      "/Users/liamcusack/turing/module_2/final/b2-final-2010/app/models/competition.rb": {
        "lines": [
          1,
          1,
          1,
          1,
          null,
          1,
          2,
          null,
          null
        ]
      },
      "/Users/liamcusack/turing/module_2/final/b2-final-2010/app/models/application_record.rb": {
        "lines": [
          1,
          1,
          null
        ]
      },
      "/Users/liamcusack/turing/module_2/final/b2-final-2010/spec/models/player_spec.rb": {
        "lines": [
          1,
          null,
          1,
          1,
          2,
          2,
          null,
          null
        ]
      },
      "/Users/liamcusack/turing/module_2/final/b2-final-2010/app/models/player.rb": {
        "lines": [
          1,
          1,
          1,
          null
        ]
      },
      "/Users/liamcusack/turing/module_2/final/b2-final-2010/spec/models/season_schedule_spec.rb": {
        "lines": [
          1,
          null,
          1,
          1,
          2,
          2,
          null,
          null
        ]
      },
      "/Users/liamcusack/turing/module_2/final/b2-final-2010/app/models/season_schedule.rb": {
        "lines": [
          1,
          1,
          1,
          null
        ]
      },
      "/Users/liamcusack/turing/module_2/final/b2-final-2010/spec/models/team_spec.rb": {
        "lines": [
          1,
          null,
          1,
          1,
          2,
          2,
          2,
          null,
          null
        ]
      },
      "/Users/liamcusack/turing/module_2/final/b2-final-2010/app/models/team.rb": {
        "lines": [
          1,
          1,
          1,
          1,
          null
        ]
      },
      "/Users/liamcusack/turing/module_2/final/b2-final-2010/app/controllers/competition_controller.rb": {
        "lines": [
          1,
          1,
          1,
          4,
          null,
          null,
          1,
          null,
          null,
          1,
          0,
          null,
          null,
          1,
          1,
          null,
          null,
          null
        ]
      },
      "/Users/liamcusack/turing/module_2/final/b2-final-2010/app/controllers/application_controller.rb": {
        "lines": [
          1,
          null
        ]
      }
    },
    "timestamp": 1611079549
  }
}
